<?xml version="1.0" encoding="UTF-8"?>
<testng-results ignored="0" total="2" passed="2" failed="0" skipped="0">
  <reporter-output>
  </reporter-output>
  <suite started-at="2024-09-05T12:00:03 IST" name="Default suite" finished-at="2024-09-05T12:00:08 IST" duration-ms="4926">
    <groups>
    </groups>
    <test started-at="2024-09-05T12:00:03 IST" name="Default test" finished-at="2024-09-05T12:00:08 IST" duration-ms="4926">
      <class name="Test.base">
        <test-method signature="test_1()[pri:0, instance:Test.base@534a5a98]" started-at="2024-09-05T12:00:03 IST" name="test_1" finished-at="2024-09-05T12:00:06 IST" duration-ms="3525" status="PASS">
          <reporter-output>
          </reporter-output>
        </test-method> <!-- test_1 -->
        <test-method signature="test_2()[pri:0, instance:Test.base@534a5a98]" started-at="2024-09-05T12:00:06 IST" name="test_2" finished-at="2024-09-05T12:00:08 IST" duration-ms="1319" status="PASS">
          <reporter-output>
          </reporter-output>
        </test-method> <!-- test_2 -->
      </class> <!-- Test.base -->
    </test> <!-- Default test -->
  </suite> <!-- Default suite -->
</testng-results>
